<testsuites id="" name="" tests="4" failures="1" skipped="0" errors="0" time="12.311290000000001">
<testsuite name="example.spec.js" timestamp="2024-05-14T09:51:58.751Z" hostname="chromium" tests="2" failures="0" skipped="0" time="9.619" errors="0">
<testcase name="has title" classname="example.spec.js" time="4.66">
<system-out>
<![CDATA[
[[ATTACHMENT|..\test-results\example-has-title-chromium\video.webm]]

[[ATTACHMENT|..\test-results\example-has-title-chromium\trace.zip]]
]]>
</system-out>
</testcase>
<testcase name="get started link" classname="example.spec.js" time="4.959">
<system-out>
<![CDATA[
[[ATTACHMENT|..\test-results\example-get-started-link-chromium\video.webm]]

[[ATTACHMENT|..\test-results\example-get-started-link-chromium\trace.zip]]
]]>
</system-out>
</testcase>
</testsuite>
<testsuite name="home.screen.spec.js" timestamp="2024-05-14T09:51:58.751Z" hostname="chromium" tests="1" failures="1" skipped="0" time="10.43" errors="0">
<testcase name="Working with mock network" classname="home.screen.spec.js" time="10.43">
<failure message="home.screen.spec.js:4:1 Working with mock network" type="FAILURE">
<![CDATA[  [chromium] › home.screen.spec.js:4:1 › Working with mock network ─────────────────────────────────

    Error: Timed out 5000ms waiting for expect(locator).toHaveText(expected)

    Locator: getByTestId('blog-list-item').locator('//a/h1')
    Expected string: "Mock Blog from playwright test 01"
    Received: <element(s) not found>
    Call log:
      - expect.toHaveText with timeout 5000ms
      - waiting for getByTestId('blog-list-item').locator('//a/h1')


      34 |   await expect(page).toHaveTitle("Home — Demo");
      35 |
    > 36 |   await expect(page.getByTestId("blog-list-item").locator("//a/h1")).toHaveText(
         |                                                                      ^
      37 |     "Mock Blog from playwright test 01"
      38 |   );
      39 |   await expect(page.getByTestId("blog-list-item").locator("//a/p")).toHaveText(

        at C:\Users\SpotOn_User\PALM\workshop-full-stack-testing\nodejs\ui-test\e2e\home.screen.spec.js:36:70

    attachment #1: video (video/webm) ──────────────────────────────────────────────────────────────
    test-results\home.screen-Working-with-mock-network-chromium\video.webm
    ────────────────────────────────────────────────────────────────────────────────────────────────

    attachment #2: trace (application/zip) ─────────────────────────────────────────────────────────
    test-results\home.screen-Working-with-mock-network-chromium\trace.zip
    Usage:

        npx playwright show-trace test-results\home.screen-Working-with-mock-network-chromium\trace.zip

    ────────────────────────────────────────────────────────────────────────────────────────────────
]]>
</failure>
<system-out>
<![CDATA[
[[ATTACHMENT|..\test-results\home.screen-Working-with-mock-network-chromium\video.webm]]

[[ATTACHMENT|..\test-results\home.screen-Working-with-mock-network-chromium\trace.zip]]
]]>
</system-out>
</testcase>
</testsuite>
<testsuite name="login.success.spec.js" timestamp="2024-05-14T09:51:58.751Z" hostname="chromium" tests="1" failures="0" skipped="0" time="6.789" errors="0">
<testcase name="Make it work @1" classname="login.success.spec.js" time="6.789">
<system-out>
<![CDATA[
[[ATTACHMENT|..\test-results\login.success-Make-it-work-1-chromium\video.webm]]

[[ATTACHMENT|..\test-results\login.success-Make-it-work-1-chromium\trace.zip]]
]]>
</system-out>
</testcase>
</testsuite>
</testsuites>